# JRE version: Java(TM) SE Runtime Environment (21.0.9+7) (build 21.0.9+7-LTS-338)
# Java VM: Java HotSpot(TM) 64-Bit Server VM (21.0.9+7-LTS-338, mixed mode, sharing, tiered, compressed oops, compressed class ptrs, g1 gc, windows-amd64)
GC Precious Log:
 CardTable entry size: 512
 Card Set container configuration: InlinePtr #cards 5 size 8 Array Of Cards #cards 12 size 40 Howl #buckets 4 coarsen threshold 1843 Howl Bitmap #cards 512 size 80 coarsen threshold 460 Card regions per heap region 1 cards per card region 2048
 CPUs: 8 total, 8 available
 Memory: 8006M
 Large Page Support: Disabled
 NUMA Support: Disabled
 Compressed Oops: Enabled (32-bit)
 Heap Region Size: 1M
 Heap Min Capacity: 8M
 Heap Initial Capacity: 126M
 Heap Max Capacity: 2002M
 Pre-touch: Disabled
 Parallel Workers: 8
 Concurrent Workers: 2
 Concurrent Refinement Workers: 8
 Periodic GC: Disabled
Heap:
 garbage-first heap   total 51200K, used 32161K [0x0000000082e00000, 0x0000000100000000)
  region size 1024K, 19 young (19456K), 4 survivors (4096K)
 Metaspace       used 29270K, committed 29824K, reserved 1114112K
  class space    used 3738K, committed 3968K, reserved 1048576K
GC Heap History (10 events):
Event: 5.816 GC heap before
{Heap before GC invocations=0 (full 0):
 garbage-first heap   total 129024K, used 24576K [0x0000000082e00000, 0x0000000100000000)
  region size 1024K, 23 young (23552K), 0 survivors (0K)
 Metaspace       used 5143K, committed 5312K, reserved 1114112K
  class space    used 585K, committed 704K, reserved 1048576K
}
Event: 5.988 GC heap after
{Heap after GC invocations=1 (full 0):
 garbage-first heap   total 129024K, used 7808K [0x0000000082e00000, 0x0000000100000000)
  region size 1024K, 3 young (3072K), 3 survivors (3072K)
 Metaspace       used 5143K, committed 5312K, reserved 1114112K
  class space    used 585K, committed 704K, reserved 1048576K
}
Event: 15.691 GC heap before
{Heap before GC invocations=1 (full 0):
 garbage-first heap   total 129024K, used 35456K [0x0000000082e00000, 0x0000000100000000)
  region size 1024K, 31 young (31744K), 3 survivors (3072K)
 Metaspace       used 12363K, committed 12672K, reserved 1114112K
  class space    used 1635K, committed 1792K, reserved 1048576K
}
Event: 15.964 GC heap after
{Heap after GC invocations=2 (full 0):
 garbage-first heap   total 129024K, used 10618K [0x0000000082e00000, 0x0000000100000000)
  region size 1024K, 3 young (3072K), 3 survivors (3072K)
 Metaspace       used 12363K, committed 12672K, reserved 1114112K
  class space    used 1635K, committed 1792K, reserved 1048576K
}
Event: 21.020 GC heap before
{Heap before GC invocations=2 (full 0):
 garbage-first heap   total 129024K, used 44410K [0x0000000082e00000, 0x0000000100000000)
  region size 1024K, 37 young (37888K), 3 survivors (3072K)
 Metaspace       used 21089K, committed 21504K, reserved 1114112K
  class space    used 2676K, committed 2880K, reserved 1048576K
}
Event: 21.113 GC heap after
{Heap after GC invocations=3 (full 0):
 garbage-first heap   total 129024K, used 13743K [0x0000000082e00000, 0x0000000100000000)
  region size 1024K, 6 young (6144K), 6 survivors (6144K)
 Metaspace       used 21089K, committed 21504K, reserved 1114112K
  class space    used 2676K, committed 2880K, reserved 1048576K
}
Event: 47.499 GC heap before
{Heap before GC invocations=4 (full 0):
 garbage-first heap   total 51200K, used 37295K [0x0000000082e00000, 0x0000000100000000)
  region size 1024K, 30 young (30720K), 6 survivors (6144K)
 Metaspace       used 23209K, committed 23680K, reserved 1114112K
  class space    used 2920K, committed 3136K, reserved 1048576K
}
Event: 47.772 GC heap after
{Heap after GC invocations=5 (full 0):
 garbage-first heap   total 51200K, used 16016K [0x0000000082e00000, 0x0000000100000000)
  region size 1024K, 3 young (3072K), 3 survivors (3072K)
 Metaspace       used 23209K, committed 23680K, reserved 1114112K
  class space    used 2920K, committed 3136K, reserved 1048576K
}
Event: 68.578 GC heap before
{Heap before GC invocations=5 (full 0):
 garbage-first heap   total 51200K, used 37520K [0x0000000082e00000, 0x0000000100000000)
  region size 1024K, 25 young (25600K), 3 survivors (3072K)
 Metaspace       used 26371K, committed 26880K, reserved 1114112K
  class space    used 3339K, committed 3584K, reserved 1048576K
}
Event: 68.620 GC heap after
{Heap after GC invocations=6 (full 0):
 garbage-first heap   total 51200K, used 17825K [0x0000000082e00000, 0x0000000100000000)
  region size 1024K, 4 young (4096K), 4 survivors (4096K)
 Metaspace       used 26371K, committed 26880K, reserved 1114112K
  class space    used 3339K, committed 3584K, reserved 1048576K
}

